2019-09-10 11:18:14.650  INFO 13836 --- [main] c.j.x.i.InformationalLytApplication      : Starting InformationalLytApplication on DESKTOP-C3BJLCD with PID 13836 (D:\github\informational-lyt\target\classes started by Administrator in D:\github\informational-lyt)
2019-09-10 11:18:14.656  INFO 13836 --- [main] c.j.x.i.InformationalLytApplication      : No active profile set, falling back to default profiles: default
2019-09-10 11:18:16.111  INFO 13836 --- [main] .s.d.r.c.RepositoryConfigurationDelegate : Bootstrapping Spring Data repositories in DEFAULT mode.
2019-09-10 11:18:16.352  INFO 13836 --- [main] .s.d.r.c.RepositoryConfigurationDelegate : Finished Spring Data repository scanning in 226ms. Found 11 repository interfaces.
2019-09-10 11:18:16.670  INFO 13836 --- [main] trationDelegate$BeanPostProcessorChecker : Bean 'org.springframework.transaction.annotation.ProxyTransactionManagementConfiguration' of type [org.springframework.transaction.annotation.ProxyTransactionManagementConfiguration$$EnhancerBySpringCGLIB$$8c26269f] is not eligible for getting processed by all BeanPostProcessors (for example: not eligible for auto-proxying)
2019-09-10 11:18:16.966  INFO 13836 --- [main] org.eclipse.jetty.util.log               : Logging initialized @3953ms to org.eclipse.jetty.util.log.Slf4jLog
2019-09-10 11:18:17.043  INFO 13836 --- [main] o.s.b.w.e.j.JettyServletWebServerFactory : Server initialized with port: 8090
2019-09-10 11:18:17.045  INFO 13836 --- [main] org.eclipse.jetty.server.Server          : jetty-9.4.19.v20190610; built: 2019-06-10T16:30:51.723Z; git: afcf563148970e98786327af5e07c261fda175d3; jvm 1.8.0_121-b13
2019-09-10 11:18:17.072  INFO 13836 --- [main] o.e.j.s.h.ContextHandler.application     : Initializing Spring embedded WebApplicationContext
2019-09-10 11:18:17.072  INFO 13836 --- [main] o.s.web.context.ContextLoader            : Root WebApplicationContext: initialization completed in 2371 ms
2019-09-10 11:18:17.181  INFO 13836 --- [main] org.eclipse.jetty.server.session         : DefaultSessionIdManager workerName=node0
2019-09-10 11:18:17.182  INFO 13836 --- [main] org.eclipse.jetty.server.session         : No SessionScavenger set, using defaults
2019-09-10 11:18:17.183  INFO 13836 --- [main] org.eclipse.jetty.server.session         : node0 Scavenging every 660000ms
2019-09-10 11:18:17.189  INFO 13836 --- [main] o.e.jetty.server.handler.ContextHandler  : Started o.s.b.w.e.j.JettyEmbeddedWebAppContext@14fae39{application,/informational-lyt/v1,[file:///C:/Users/Administrator/AppData/Local/Temp/jetty-docbase.8629460511682198.8090/],AVAILABLE}
2019-09-10 11:18:17.190  INFO 13836 --- [main] org.eclipse.jetty.server.Server          : Started @4176ms
2019-09-10 11:18:17.300  INFO 13836 --- [main] com.zaxxer.hikari.HikariDataSource       : HikariPool-1 - Starting...
2019-09-10 11:18:17.423  INFO 13836 --- [main] com.zaxxer.hikari.HikariDataSource       : HikariPool-1 - Start completed.
2019-09-10 11:18:17.514  INFO 13836 --- [main] o.hibernate.jpa.internal.util.LogHelper  : HHH000204: Processing PersistenceUnitInfo [
	name: default
	...]
2019-09-10 11:18:17.637  INFO 13836 --- [main] org.hibernate.Version                    : HHH000412: Hibernate Core {5.3.11.Final}
2019-09-10 11:18:17.639  INFO 13836 --- [main] org.hibernate.cfg.Environment            : HHH000206: hibernate.properties not found
2019-09-10 11:18:17.820  INFO 13836 --- [main] o.hibernate.annotations.common.Version   : HCANN000001: Hibernate Commons Annotations {5.0.4.Final}
2019-09-10 11:18:18.027  INFO 13836 --- [main] org.hibernate.dialect.Dialect            : HHH000400: Using dialect: org.hibernate.dialect.MySQL5InnoDBDialect
2019-09-10 11:18:18.213  WARN 13836 --- [main] ConfigServletWebServerApplicationContext : Exception encountered during context initialization - cancelling refresh attempt: org.springframework.beans.factory.BeanCreationException: Error creating bean with name 'entityManagerFactory' defined in class path resource [org/springframework/boot/autoconfigure/orm/jpa/HibernateJpaConfiguration.class]: Invocation of init method failed; nested exception is org.hibernate.AnnotationException: mappedBy reference an unknown target entity property: com.joy.xxfy.informationallyt.module.storehouse.domain.entity.MaterialEntity.storehouses in com.joy.xxfy.informationallyt.module.storehouse.domain.entity.StorehouseEntity.materials
2019-09-10 11:18:18.214  INFO 13836 --- [main] com.zaxxer.hikari.HikariDataSource       : HikariPool-1 - Shutdown initiated...
2019-09-10 11:18:18.225  INFO 13836 --- [main] com.zaxxer.hikari.HikariDataSource       : HikariPool-1 - Shutdown completed.
2019-09-10 11:18:18.228  INFO 13836 --- [main] org.eclipse.jetty.server.session         : node0 Stopped scavenging
2019-09-10 11:18:18.232  INFO 13836 --- [main] o.e.jetty.server.handler.ContextHandler  : Stopped o.s.b.w.e.j.JettyEmbeddedWebAppContext@14fae39{application,/informational-lyt/v1,[file:///C:/Users/Administrator/AppData/Local/Temp/jetty-docbase.8629460511682198.8090/],UNAVAILABLE}
2019-09-10 11:18:18.238  INFO 13836 --- [main] ConditionEvaluationReportLoggingListener : 

Error starting ApplicationContext. To display the conditions report re-run your application with 'debug' enabled.
2019-09-10 11:18:18.252 ERROR 13836 --- [main] o.s.boot.SpringApplication               : Application run failed

org.springframework.beans.factory.BeanCreationException: Error creating bean with name 'entityManagerFactory' defined in class path resource [org/springframework/boot/autoconfigure/orm/jpa/HibernateJpaConfiguration.class]: Invocation of init method failed; nested exception is org.hibernate.AnnotationException: mappedBy reference an unknown target entity property: com.joy.xxfy.informationallyt.module.storehouse.domain.entity.MaterialEntity.storehouses in com.joy.xxfy.informationallyt.module.storehouse.domain.entity.StorehouseEntity.materials
	at org.springframework.beans.factory.support.AbstractAutowireCapableBeanFactory.initializeBean(AbstractAutowireCapableBeanFactory.java:1778) ~[spring-beans-5.1.9.RELEASE.jar:5.1.9.RELEASE]
	at org.springframework.beans.factory.support.AbstractAutowireCapableBeanFactory.doCreateBean(AbstractAutowireCapableBeanFactory.java:593) ~[spring-beans-5.1.9.RELEASE.jar:5.1.9.RELEASE]
	at org.springframework.beans.factory.support.AbstractAutowireCapableBeanFactory.createBean(AbstractAutowireCapableBeanFactory.java:515) ~[spring-beans-5.1.9.RELEASE.jar:5.1.9.RELEASE]
	at org.springframework.beans.factory.support.AbstractBeanFactory.lambda$doGetBean$0(AbstractBeanFactory.java:320) ~[spring-beans-5.1.9.RELEASE.jar:5.1.9.RELEASE]
	at org.springframework.beans.factory.support.DefaultSingletonBeanRegistry.getSingleton(DefaultSingletonBeanRegistry.java:222) ~[spring-beans-5.1.9.RELEASE.jar:5.1.9.RELEASE]
	at org.springframework.beans.factory.support.AbstractBeanFactory.doGetBean(AbstractBeanFactory.java:318) ~[spring-beans-5.1.9.RELEASE.jar:5.1.9.RELEASE]
	at org.springframework.beans.factory.support.AbstractBeanFactory.getBean(AbstractBeanFactory.java:199) ~[spring-beans-5.1.9.RELEASE.jar:5.1.9.RELEASE]
	at org.springframework.context.support.AbstractApplicationContext.getBean(AbstractApplicationContext.java:1105) ~[spring-context-5.1.9.RELEASE.jar:5.1.9.RELEASE]
	at org.springframework.context.support.AbstractApplicationContext.finishBeanFactoryInitialization(AbstractApplicationContext.java:867) ~[spring-context-5.1.9.RELEASE.jar:5.1.9.RELEASE]
	at org.springframework.context.support.AbstractApplicationContext.refresh(AbstractApplicationContext.java:549) ~[spring-context-5.1.9.RELEASE.jar:5.1.9.RELEASE]
	at org.springframework.boot.web.servlet.context.ServletWebServerApplicationContext.refresh(ServletWebServerApplicationContext.java:141) ~[spring-boot-2.1.8.RELEASE.jar:2.1.8.RELEASE]
	at org.springframework.boot.SpringApplication.refresh(SpringApplication.java:744) [spring-boot-2.1.8.RELEASE.jar:2.1.8.RELEASE]
	at org.springframework.boot.SpringApplication.refreshContext(SpringApplication.java:391) [spring-boot-2.1.8.RELEASE.jar:2.1.8.RELEASE]
	at org.springframework.boot.SpringApplication.run(SpringApplication.java:312) [spring-boot-2.1.8.RELEASE.jar:2.1.8.RELEASE]
	at org.springframework.boot.SpringApplication.run(SpringApplication.java:1215) [spring-boot-2.1.8.RELEASE.jar:2.1.8.RELEASE]
	at org.springframework.boot.SpringApplication.run(SpringApplication.java:1204) [spring-boot-2.1.8.RELEASE.jar:2.1.8.RELEASE]
	at com.joy.xxfy.informationallyt.InformationalLytApplication.main(InformationalLytApplication.java:10) [classes/:na]
Caused by: org.hibernate.AnnotationException: mappedBy reference an unknown target entity property: com.joy.xxfy.informationallyt.module.storehouse.domain.entity.MaterialEntity.storehouses in com.joy.xxfy.informationallyt.module.storehouse.domain.entity.StorehouseEntity.materials
	at org.hibernate.cfg.annotations.CollectionBinder.bindStarToManySecondPass(CollectionBinder.java:785) ~[hibernate-core-5.3.11.Final.jar:5.3.11.Final]
	at org.hibernate.cfg.annotations.CollectionBinder$1.secondPass(CollectionBinder.java:736) ~[hibernate-core-5.3.11.Final.jar:5.3.11.Final]
	at org.hibernate.cfg.CollectionSecondPass.doSecondPass(CollectionSecondPass.java:54) ~[hibernate-core-5.3.11.Final.jar:5.3.11.Final]
	at org.hibernate.boot.internal.InFlightMetadataCollectorImpl.processSecondPasses(InFlightMetadataCollectorImpl.java:1696) ~[hibernate-core-5.3.11.Final.jar:5.3.11.Final]
	at org.hibernate.boot.internal.InFlightMetadataCollectorImpl.processSecondPasses(InFlightMetadataCollectorImpl.java:1664) ~[hibernate-core-5.3.11.Final.jar:5.3.11.Final]
	at org.hibernate.boot.model.process.spi.MetadataBuildingProcess.complete(MetadataBuildingProcess.java:287) ~[hibernate-core-5.3.11.Final.jar:5.3.11.Final]
	at org.hibernate.jpa.boot.internal.EntityManagerFactoryBuilderImpl.metadata(EntityManagerFactoryBuilderImpl.java:904) ~[hibernate-core-5.3.11.Final.jar:5.3.11.Final]
	at org.hibernate.jpa.boot.internal.EntityManagerFactoryBuilderImpl.build(EntityManagerFactoryBuilderImpl.java:935) ~[hibernate-core-5.3.11.Final.jar:5.3.11.Final]
	at org.springframework.orm.jpa.vendor.SpringHibernateJpaPersistenceProvider.createContainerEntityManagerFactory(SpringHibernateJpaPersistenceProvider.java:57) ~[spring-orm-5.1.9.RELEASE.jar:5.1.9.RELEASE]
	at org.springframework.orm.jpa.LocalContainerEntityManagerFactoryBean.createNativeEntityManagerFactory(LocalContainerEntityManagerFactoryBean.java:365) ~[spring-orm-5.1.9.RELEASE.jar:5.1.9.RELEASE]
	at org.springframework.orm.jpa.AbstractEntityManagerFactoryBean.buildNativeEntityManagerFactory(AbstractEntityManagerFactoryBean.java:390) ~[spring-orm-5.1.9.RELEASE.jar:5.1.9.RELEASE]
	at org.springframework.orm.jpa.AbstractEntityManagerFactoryBean.afterPropertiesSet(AbstractEntityManagerFactoryBean.java:377) ~[spring-orm-5.1.9.RELEASE.jar:5.1.9.RELEASE]
	at org.springframework.orm.jpa.LocalContainerEntityManagerFactoryBean.afterPropertiesSet(LocalContainerEntityManagerFactoryBean.java:341) ~[spring-orm-5.1.9.RELEASE.jar:5.1.9.RELEASE]
	at org.springframework.beans.factory.support.AbstractAutowireCapableBeanFactory.invokeInitMethods(AbstractAutowireCapableBeanFactory.java:1837) ~[spring-beans-5.1.9.RELEASE.jar:5.1.9.RELEASE]
	at org.springframework.beans.factory.support.AbstractAutowireCapableBeanFactory.initializeBean(AbstractAutowireCapableBeanFactory.java:1774) ~[spring-beans-5.1.9.RELEASE.jar:5.1.9.RELEASE]
	... 16 common frames omitted

2019-09-10 11:18:43.226  INFO 12436 --- [main] c.j.x.i.InformationalLytApplication      : Starting InformationalLytApplication on DESKTOP-C3BJLCD with PID 12436 (D:\github\informational-lyt\target\classes started by Administrator in D:\github\informational-lyt)
2019-09-10 11:18:43.229  INFO 12436 --- [main] c.j.x.i.InformationalLytApplication      : No active profile set, falling back to default profiles: default
2019-09-10 11:18:43.891  INFO 12436 --- [main] .s.d.r.c.RepositoryConfigurationDelegate : Bootstrapping Spring Data repositories in DEFAULT mode.
2019-09-10 11:18:44.019  INFO 12436 --- [main] .s.d.r.c.RepositoryConfigurationDelegate : Finished Spring Data repository scanning in 120ms. Found 11 repository interfaces.
2019-09-10 11:18:44.314  INFO 12436 --- [main] trationDelegate$BeanPostProcessorChecker : Bean 'org.springframework.transaction.annotation.ProxyTransactionManagementConfiguration' of type [org.springframework.transaction.annotation.ProxyTransactionManagementConfiguration$$EnhancerBySpringCGLIB$$6d6c7c44] is not eligible for getting processed by all BeanPostProcessors (for example: not eligible for auto-proxying)
2019-09-10 11:18:44.912  INFO 12436 --- [main] org.eclipse.jetty.util.log               : Logging initialized @2973ms to org.eclipse.jetty.util.log.Slf4jLog
2019-09-10 11:18:45.033  INFO 12436 --- [main] o.s.b.w.e.j.JettyServletWebServerFactory : Server initialized with port: 8090
2019-09-10 11:18:45.038  INFO 12436 --- [main] org.eclipse.jetty.server.Server          : jetty-9.4.19.v20190610; built: 2019-06-10T16:30:51.723Z; git: afcf563148970e98786327af5e07c261fda175d3; jvm 1.8.0_121-b13
2019-09-10 11:18:45.088  INFO 12436 --- [main] o.e.j.s.h.ContextHandler.application     : Initializing Spring embedded WebApplicationContext
2019-09-10 11:18:45.089  INFO 12436 --- [main] o.s.web.context.ContextLoader            : Root WebApplicationContext: initialization completed in 1816 ms
2019-09-10 11:18:45.220  INFO 12436 --- [main] org.eclipse.jetty.server.session         : DefaultSessionIdManager workerName=node0
2019-09-10 11:18:45.220  INFO 12436 --- [main] org.eclipse.jetty.server.session         : No SessionScavenger set, using defaults
2019-09-10 11:18:45.222  INFO 12436 --- [main] org.eclipse.jetty.server.session         : node0 Scavenging every 600000ms
2019-09-10 11:18:45.227  INFO 12436 --- [main] o.e.jetty.server.handler.ContextHandler  : Started o.s.b.w.e.j.JettyEmbeddedWebAppContext@1e33bac{application,/informational-lyt/v1,[file:///C:/Users/Administrator/AppData/Local/Temp/jetty-docbase.4873477696533605330.8090/],AVAILABLE}
2019-09-10 11:18:45.228  INFO 12436 --- [main] org.eclipse.jetty.server.Server          : Started @3290ms
2019-09-10 11:18:45.336  INFO 12436 --- [main] com.zaxxer.hikari.HikariDataSource       : HikariPool-1 - Starting...
2019-09-10 11:18:45.501  INFO 12436 --- [main] com.zaxxer.hikari.HikariDataSource       : HikariPool-1 - Start completed.
2019-09-10 11:18:45.557  INFO 12436 --- [main] o.hibernate.jpa.internal.util.LogHelper  : HHH000204: Processing PersistenceUnitInfo [
	name: default
	...]
2019-09-10 11:18:45.616  INFO 12436 --- [main] org.hibernate.Version                    : HHH000412: Hibernate Core {5.3.11.Final}
2019-09-10 11:18:45.617  INFO 12436 --- [main] org.hibernate.cfg.Environment            : HHH000206: hibernate.properties not found
2019-09-10 11:18:45.755  INFO 12436 --- [main] o.hibernate.annotations.common.Version   : HCANN000001: Hibernate Commons Annotations {5.0.4.Final}
2019-09-10 11:18:45.900  INFO 12436 --- [main] org.hibernate.dialect.Dialect            : HHH000400: Using dialect: org.hibernate.dialect.MySQL5InnoDBDialect
2019-09-10 11:18:46.156  WARN 12436 --- [main] ConfigServletWebServerApplicationContext : Exception encountered during context initialization - cancelling refresh attempt: org.springframework.beans.factory.BeanCreationException: Error creating bean with name 'entityManagerFactory' defined in class path resource [org/springframework/boot/autoconfigure/orm/jpa/HibernateJpaConfiguration.class]: Invocation of init method failed; nested exception is org.hibernate.AnnotationException: Unable to create unique key constraint (name, model_number, supplier_id) on table gm_material: database column 'model_number' not found. Make sure that you use the correct column name which depends on the naming strategy in use (it may not be the same as the property name in the entity, especially for relational types)
2019-09-10 11:18:46.157  INFO 12436 --- [main] com.zaxxer.hikari.HikariDataSource       : HikariPool-1 - Shutdown initiated...
2019-09-10 11:18:46.170  INFO 12436 --- [main] com.zaxxer.hikari.HikariDataSource       : HikariPool-1 - Shutdown completed.
2019-09-10 11:18:46.177  INFO 12436 --- [main] org.eclipse.jetty.server.session         : node0 Stopped scavenging
2019-09-10 11:18:46.180  INFO 12436 --- [main] o.e.jetty.server.handler.ContextHandler  : Stopped o.s.b.w.e.j.JettyEmbeddedWebAppContext@1e33bac{application,/informational-lyt/v1,[file:///C:/Users/Administrator/AppData/Local/Temp/jetty-docbase.4873477696533605330.8090/],UNAVAILABLE}
2019-09-10 11:18:46.188  INFO 12436 --- [main] ConditionEvaluationReportLoggingListener : 

Error starting ApplicationContext. To display the conditions report re-run your application with 'debug' enabled.
2019-09-10 11:18:46.203 ERROR 12436 --- [main] o.s.boot.SpringApplication               : Application run failed

org.springframework.beans.factory.BeanCreationException: Error creating bean with name 'entityManagerFactory' defined in class path resource [org/springframework/boot/autoconfigure/orm/jpa/HibernateJpaConfiguration.class]: Invocation of init method failed; nested exception is org.hibernate.AnnotationException: Unable to create unique key constraint (name, model_number, supplier_id) on table gm_material: database column 'model_number' not found. Make sure that you use the correct column name which depends on the naming strategy in use (it may not be the same as the property name in the entity, especially for relational types)
	at org.springframework.beans.factory.support.AbstractAutowireCapableBeanFactory.initializeBean(AbstractAutowireCapableBeanFactory.java:1778) ~[spring-beans-5.1.9.RELEASE.jar:5.1.9.RELEASE]
	at org.springframework.beans.factory.support.AbstractAutowireCapableBeanFactory.doCreateBean(AbstractAutowireCapableBeanFactory.java:593) ~[spring-beans-5.1.9.RELEASE.jar:5.1.9.RELEASE]
	at org.springframework.beans.factory.support.AbstractAutowireCapableBeanFactory.createBean(AbstractAutowireCapableBeanFactory.java:515) ~[spring-beans-5.1.9.RELEASE.jar:5.1.9.RELEASE]
	at org.springframework.beans.factory.support.AbstractBeanFactory.lambda$doGetBean$0(AbstractBeanFactory.java:320) ~[spring-beans-5.1.9.RELEASE.jar:5.1.9.RELEASE]
	at org.springframework.beans.factory.support.DefaultSingletonBeanRegistry.getSingleton(DefaultSingletonBeanRegistry.java:222) ~[spring-beans-5.1.9.RELEASE.jar:5.1.9.RELEASE]
	at org.springframework.beans.factory.support.AbstractBeanFactory.doGetBean(AbstractBeanFactory.java:318) ~[spring-beans-5.1.9.RELEASE.jar:5.1.9.RELEASE]
	at org.springframework.beans.factory.support.AbstractBeanFactory.getBean(AbstractBeanFactory.java:199) ~[spring-beans-5.1.9.RELEASE.jar:5.1.9.RELEASE]
	at org.springframework.context.support.AbstractApplicationContext.getBean(AbstractApplicationContext.java:1105) ~[spring-context-5.1.9.RELEASE.jar:5.1.9.RELEASE]
	at org.springframework.context.support.AbstractApplicationContext.finishBeanFactoryInitialization(AbstractApplicationContext.java:867) ~[spring-context-5.1.9.RELEASE.jar:5.1.9.RELEASE]
	at org.springframework.context.support.AbstractApplicationContext.refresh(AbstractApplicationContext.java:549) ~[spring-context-5.1.9.RELEASE.jar:5.1.9.RELEASE]
	at org.springframework.boot.web.servlet.context.ServletWebServerApplicationContext.refresh(ServletWebServerApplicationContext.java:141) ~[spring-boot-2.1.8.RELEASE.jar:2.1.8.RELEASE]
	at org.springframework.boot.SpringApplication.refresh(SpringApplication.java:744) [spring-boot-2.1.8.RELEASE.jar:2.1.8.RELEASE]
	at org.springframework.boot.SpringApplication.refreshContext(SpringApplication.java:391) [spring-boot-2.1.8.RELEASE.jar:2.1.8.RELEASE]
	at org.springframework.boot.SpringApplication.run(SpringApplication.java:312) [spring-boot-2.1.8.RELEASE.jar:2.1.8.RELEASE]
	at org.springframework.boot.SpringApplication.run(SpringApplication.java:1215) [spring-boot-2.1.8.RELEASE.jar:2.1.8.RELEASE]
	at org.springframework.boot.SpringApplication.run(SpringApplication.java:1204) [spring-boot-2.1.8.RELEASE.jar:2.1.8.RELEASE]
	at com.joy.xxfy.informationallyt.InformationalLytApplication.main(InformationalLytApplication.java:10) [classes/:na]
Caused by: org.hibernate.AnnotationException: Unable to create unique key constraint (name, model_number, supplier_id) on table gm_material: database column 'model_number' not found. Make sure that you use the correct column name which depends on the naming strategy in use (it may not be the same as the property name in the entity, especially for relational types)
	at org.hibernate.boot.internal.InFlightMetadataCollectorImpl.buildUniqueKeyFromColumnNames(InFlightMetadataCollectorImpl.java:2137) ~[hibernate-core-5.3.11.Final.jar:5.3.11.Final]
	at org.hibernate.boot.internal.InFlightMetadataCollectorImpl.buildUniqueKeyFromColumnNames(InFlightMetadataCollectorImpl.java:1998) ~[hibernate-core-5.3.11.Final.jar:5.3.11.Final]
	at org.hibernate.boot.internal.InFlightMetadataCollectorImpl.processUniqueConstraintHolders(InFlightMetadataCollectorImpl.java:1986) ~[hibernate-core-5.3.11.Final.jar:5.3.11.Final]
	at org.hibernate.boot.internal.InFlightMetadataCollectorImpl.processSecondPasses(InFlightMetadataCollectorImpl.java:1670) ~[hibernate-core-5.3.11.Final.jar:5.3.11.Final]
	at org.hibernate.boot.model.process.spi.MetadataBuildingProcess.complete(MetadataBuildingProcess.java:287) ~[hibernate-core-5.3.11.Final.jar:5.3.11.Final]
	at org.hibernate.jpa.boot.internal.EntityManagerFactoryBuilderImpl.metadata(EntityManagerFactoryBuilderImpl.java:904) ~[hibernate-core-5.3.11.Final.jar:5.3.11.Final]
	at org.hibernate.jpa.boot.internal.EntityManagerFactoryBuilderImpl.build(EntityManagerFactoryBuilderImpl.java:935) ~[hibernate-core-5.3.11.Final.jar:5.3.11.Final]
	at org.springframework.orm.jpa.vendor.SpringHibernateJpaPersistenceProvider.createContainerEntityManagerFactory(SpringHibernateJpaPersistenceProvider.java:57) ~[spring-orm-5.1.9.RELEASE.jar:5.1.9.RELEASE]
	at org.springframework.orm.jpa.LocalContainerEntityManagerFactoryBean.createNativeEntityManagerFactory(LocalContainerEntityManagerFactoryBean.java:365) ~[spring-orm-5.1.9.RELEASE.jar:5.1.9.RELEASE]
	at org.springframework.orm.jpa.AbstractEntityManagerFactoryBean.buildNativeEntityManagerFactory(AbstractEntityManagerFactoryBean.java:390) ~[spring-orm-5.1.9.RELEASE.jar:5.1.9.RELEASE]
	at org.springframework.orm.jpa.AbstractEntityManagerFactoryBean.afterPropertiesSet(AbstractEntityManagerFactoryBean.java:377) ~[spring-orm-5.1.9.RELEASE.jar:5.1.9.RELEASE]
	at org.springframework.orm.jpa.LocalContainerEntityManagerFactoryBean.afterPropertiesSet(LocalContainerEntityManagerFactoryBean.java:341) ~[spring-orm-5.1.9.RELEASE.jar:5.1.9.RELEASE]
	at org.springframework.beans.factory.support.AbstractAutowireCapableBeanFactory.invokeInitMethods(AbstractAutowireCapableBeanFactory.java:1837) ~[spring-beans-5.1.9.RELEASE.jar:5.1.9.RELEASE]
	at org.springframework.beans.factory.support.AbstractAutowireCapableBeanFactory.initializeBean(AbstractAutowireCapableBeanFactory.java:1774) ~[spring-beans-5.1.9.RELEASE.jar:5.1.9.RELEASE]
	... 16 common frames omitted

2019-09-10 11:20:07.520  INFO 14984 --- [main] c.j.x.i.InformationalLytApplication      : Starting InformationalLytApplication on DESKTOP-C3BJLCD with PID 14984 (D:\github\informational-lyt\target\classes started by Administrator in D:\github\informational-lyt)
2019-09-10 11:20:07.524  INFO 14984 --- [main] c.j.x.i.InformationalLytApplication      : No active profile set, falling back to default profiles: default
2019-09-10 11:20:08.170  INFO 14984 --- [main] .s.d.r.c.RepositoryConfigurationDelegate : Bootstrapping Spring Data repositories in DEFAULT mode.
2019-09-10 11:20:08.276  INFO 14984 --- [main] .s.d.r.c.RepositoryConfigurationDelegate : Finished Spring Data repository scanning in 97ms. Found 11 repository interfaces.
2019-09-10 11:20:08.706  INFO 14984 --- [main] trationDelegate$BeanPostProcessorChecker : Bean 'org.springframework.transaction.annotation.ProxyTransactionManagementConfiguration' of type [org.springframework.transaction.annotation.ProxyTransactionManagementConfiguration$$EnhancerBySpringCGLIB$$3cf160e1] is not eligible for getting processed by all BeanPostProcessors (for example: not eligible for auto-proxying)
2019-09-10 11:20:08.979  INFO 14984 --- [main] org.eclipse.jetty.util.log               : Logging initialized @3432ms to org.eclipse.jetty.util.log.Slf4jLog
2019-09-10 11:20:09.045  INFO 14984 --- [main] o.s.b.w.e.j.JettyServletWebServerFactory : Server initialized with port: 8090
2019-09-10 11:20:09.048  INFO 14984 --- [main] org.eclipse.jetty.server.Server          : jetty-9.4.19.v20190610; built: 2019-06-10T16:30:51.723Z; git: afcf563148970e98786327af5e07c261fda175d3; jvm 1.8.0_121-b13
2019-09-10 11:20:09.073  INFO 14984 --- [main] o.e.j.s.h.ContextHandler.application     : Initializing Spring embedded WebApplicationContext
2019-09-10 11:20:09.074  INFO 14984 --- [main] o.s.web.context.ContextLoader            : Root WebApplicationContext: initialization completed in 1482 ms
2019-09-10 11:20:09.166  INFO 14984 --- [main] org.eclipse.jetty.server.session         : DefaultSessionIdManager workerName=node0
2019-09-10 11:20:09.167  INFO 14984 --- [main] org.eclipse.jetty.server.session         : No SessionScavenger set, using defaults
2019-09-10 11:20:09.168  INFO 14984 --- [main] org.eclipse.jetty.server.session         : node0 Scavenging every 600000ms
2019-09-10 11:20:09.176  INFO 14984 --- [main] o.e.jetty.server.handler.ContextHandler  : Started o.s.b.w.e.j.JettyEmbeddedWebAppContext@101687{application,/informational-lyt/v1,[file:///C:/Users/Administrator/AppData/Local/Temp/jetty-docbase.8003292973585240937.8090/],AVAILABLE}
2019-09-10 11:20:09.177  INFO 14984 --- [main] org.eclipse.jetty.server.Server          : Started @3631ms
2019-09-10 11:20:09.293  INFO 14984 --- [main] com.zaxxer.hikari.HikariDataSource       : HikariPool-1 - Starting...
2019-09-10 11:20:09.410  INFO 14984 --- [main] com.zaxxer.hikari.HikariDataSource       : HikariPool-1 - Start completed.
2019-09-10 11:20:09.461  INFO 14984 --- [main] o.hibernate.jpa.internal.util.LogHelper  : HHH000204: Processing PersistenceUnitInfo [
	name: default
	...]
2019-09-10 11:20:09.556  INFO 14984 --- [main] org.hibernate.Version                    : HHH000412: Hibernate Core {5.3.11.Final}
2019-09-10 11:20:09.557  INFO 14984 --- [main] org.hibernate.cfg.Environment            : HHH000206: hibernate.properties not found
2019-09-10 11:20:09.690  INFO 14984 --- [main] o.hibernate.annotations.common.Version   : HCANN000001: Hibernate Commons Annotations {5.0.4.Final}
2019-09-10 11:20:09.869  INFO 14984 --- [main] org.hibernate.dialect.Dialect            : HHH000400: Using dialect: org.hibernate.dialect.MySQL5InnoDBDialect
2019-09-10 11:20:10.050  WARN 14984 --- [main] ConfigServletWebServerApplicationContext : Exception encountered during context initialization - cancelling refresh attempt: org.springframework.beans.factory.BeanCreationException: Error creating bean with name 'entityManagerFactory' defined in class path resource [org/springframework/boot/autoconfigure/orm/jpa/HibernateJpaConfiguration.class]: Invocation of init method failed; nested exception is org.hibernate.AnnotationException: Unable to create unique key constraint (materialId, storehouseId) on table gm_inventory: database column 'storehouseId', 'materialId' not found. Make sure that you use the correct column name which depends on the naming strategy in use (it may not be the same as the property name in the entity, especially for relational types)
2019-09-10 11:20:10.051  INFO 14984 --- [main] com.zaxxer.hikari.HikariDataSource       : HikariPool-1 - Shutdown initiated...
2019-09-10 11:20:10.061  INFO 14984 --- [main] com.zaxxer.hikari.HikariDataSource       : HikariPool-1 - Shutdown completed.
2019-09-10 11:20:10.064  INFO 14984 --- [main] org.eclipse.jetty.server.session         : node0 Stopped scavenging
2019-09-10 11:20:10.066  INFO 14984 --- [main] o.e.jetty.server.handler.ContextHandler  : Stopped o.s.b.w.e.j.JettyEmbeddedWebAppContext@101687{application,/informational-lyt/v1,[file:///C:/Users/Administrator/AppData/Local/Temp/jetty-docbase.8003292973585240937.8090/],UNAVAILABLE}
2019-09-10 11:20:10.072  INFO 14984 --- [main] ConditionEvaluationReportLoggingListener : 

Error starting ApplicationContext. To display the conditions report re-run your application with 'debug' enabled.
2019-09-10 11:20:10.082 ERROR 14984 --- [main] o.s.boot.SpringApplication               : Application run failed

org.springframework.beans.factory.BeanCreationException: Error creating bean with name 'entityManagerFactory' defined in class path resource [org/springframework/boot/autoconfigure/orm/jpa/HibernateJpaConfiguration.class]: Invocation of init method failed; nested exception is org.hibernate.AnnotationException: Unable to create unique key constraint (materialId, storehouseId) on table gm_inventory: database column 'storehouseId', 'materialId' not found. Make sure that you use the correct column name which depends on the naming strategy in use (it may not be the same as the property name in the entity, especially for relational types)
	at org.springframework.beans.factory.support.AbstractAutowireCapableBeanFactory.initializeBean(AbstractAutowireCapableBeanFactory.java:1778) ~[spring-beans-5.1.9.RELEASE.jar:5.1.9.RELEASE]
	at org.springframework.beans.factory.support.AbstractAutowireCapableBeanFactory.doCreateBean(AbstractAutowireCapableBeanFactory.java:593) ~[spring-beans-5.1.9.RELEASE.jar:5.1.9.RELEASE]
	at org.springframework.beans.factory.support.AbstractAutowireCapableBeanFactory.createBean(AbstractAutowireCapableBeanFactory.java:515) ~[spring-beans-5.1.9.RELEASE.jar:5.1.9.RELEASE]
	at org.springframework.beans.factory.support.AbstractBeanFactory.lambda$doGetBean$0(AbstractBeanFactory.java:320) ~[spring-beans-5.1.9.RELEASE.jar:5.1.9.RELEASE]
	at org.springframework.beans.factory.support.DefaultSingletonBeanRegistry.getSingleton(DefaultSingletonBeanRegistry.java:222) ~[spring-beans-5.1.9.RELEASE.jar:5.1.9.RELEASE]
	at org.springframework.beans.factory.support.AbstractBeanFactory.doGetBean(AbstractBeanFactory.java:318) ~[spring-beans-5.1.9.RELEASE.jar:5.1.9.RELEASE]
	at org.springframework.beans.factory.support.AbstractBeanFactory.getBean(AbstractBeanFactory.java:199) ~[spring-beans-5.1.9.RELEASE.jar:5.1.9.RELEASE]
	at org.springframework.context.support.AbstractApplicationContext.getBean(AbstractApplicationContext.java:1105) ~[spring-context-5.1.9.RELEASE.jar:5.1.9.RELEASE]
	at org.springframework.context.support.AbstractApplicationContext.finishBeanFactoryInitialization(AbstractApplicationContext.java:867) ~[spring-context-5.1.9.RELEASE.jar:5.1.9.RELEASE]
	at org.springframework.context.support.AbstractApplicationContext.refresh(AbstractApplicationContext.java:549) ~[spring-context-5.1.9.RELEASE.jar:5.1.9.RELEASE]
	at org.springframework.boot.web.servlet.context.ServletWebServerApplicationContext.refresh(ServletWebServerApplicationContext.java:141) ~[spring-boot-2.1.8.RELEASE.jar:2.1.8.RELEASE]
	at org.springframework.boot.SpringApplication.refresh(SpringApplication.java:744) [spring-boot-2.1.8.RELEASE.jar:2.1.8.RELEASE]
	at org.springframework.boot.SpringApplication.refreshContext(SpringApplication.java:391) [spring-boot-2.1.8.RELEASE.jar:2.1.8.RELEASE]
	at org.springframework.boot.SpringApplication.run(SpringApplication.java:312) [spring-boot-2.1.8.RELEASE.jar:2.1.8.RELEASE]
	at org.springframework.boot.SpringApplication.run(SpringApplication.java:1215) [spring-boot-2.1.8.RELEASE.jar:2.1.8.RELEASE]
	at org.springframework.boot.SpringApplication.run(SpringApplication.java:1204) [spring-boot-2.1.8.RELEASE.jar:2.1.8.RELEASE]
	at com.joy.xxfy.informationallyt.InformationalLytApplication.main(InformationalLytApplication.java:10) [classes/:na]
Caused by: org.hibernate.AnnotationException: Unable to create unique key constraint (materialId, storehouseId) on table gm_inventory: database column 'storehouseId', 'materialId' not found. Make sure that you use the correct column name which depends on the naming strategy in use (it may not be the same as the property name in the entity, especially for relational types)
	at org.hibernate.boot.internal.InFlightMetadataCollectorImpl.buildUniqueKeyFromColumnNames(InFlightMetadataCollectorImpl.java:2137) ~[hibernate-core-5.3.11.Final.jar:5.3.11.Final]
	at org.hibernate.boot.internal.InFlightMetadataCollectorImpl.buildUniqueKeyFromColumnNames(InFlightMetadataCollectorImpl.java:1998) ~[hibernate-core-5.3.11.Final.jar:5.3.11.Final]
	at org.hibernate.boot.internal.InFlightMetadataCollectorImpl.processUniqueConstraintHolders(InFlightMetadataCollectorImpl.java:1986) ~[hibernate-core-5.3.11.Final.jar:5.3.11.Final]
	at org.hibernate.boot.internal.InFlightMetadataCollectorImpl.processSecondPasses(InFlightMetadataCollectorImpl.java:1670) ~[hibernate-core-5.3.11.Final.jar:5.3.11.Final]
	at org.hibernate.boot.model.process.spi.MetadataBuildingProcess.complete(MetadataBuildingProcess.java:287) ~[hibernate-core-5.3.11.Final.jar:5.3.11.Final]
	at org.hibernate.jpa.boot.internal.EntityManagerFactoryBuilderImpl.metadata(EntityManagerFactoryBuilderImpl.java:904) ~[hibernate-core-5.3.11.Final.jar:5.3.11.Final]
	at org.hibernate.jpa.boot.internal.EntityManagerFactoryBuilderImpl.build(EntityManagerFactoryBuilderImpl.java:935) ~[hibernate-core-5.3.11.Final.jar:5.3.11.Final]
	at org.springframework.orm.jpa.vendor.SpringHibernateJpaPersistenceProvider.createContainerEntityManagerFactory(SpringHibernateJpaPersistenceProvider.java:57) ~[spring-orm-5.1.9.RELEASE.jar:5.1.9.RELEASE]
	at org.springframework.orm.jpa.LocalContainerEntityManagerFactoryBean.createNativeEntityManagerFactory(LocalContainerEntityManagerFactoryBean.java:365) ~[spring-orm-5.1.9.RELEASE.jar:5.1.9.RELEASE]
	at org.springframework.orm.jpa.AbstractEntityManagerFactoryBean.buildNativeEntityManagerFactory(AbstractEntityManagerFactoryBean.java:390) ~[spring-orm-5.1.9.RELEASE.jar:5.1.9.RELEASE]
	at org.springframework.orm.jpa.AbstractEntityManagerFactoryBean.afterPropertiesSet(AbstractEntityManagerFactoryBean.java:377) ~[spring-orm-5.1.9.RELEASE.jar:5.1.9.RELEASE]
	at org.springframework.orm.jpa.LocalContainerEntityManagerFactoryBean.afterPropertiesSet(LocalContainerEntityManagerFactoryBean.java:341) ~[spring-orm-5.1.9.RELEASE.jar:5.1.9.RELEASE]
	at org.springframework.beans.factory.support.AbstractAutowireCapableBeanFactory.invokeInitMethods(AbstractAutowireCapableBeanFactory.java:1837) ~[spring-beans-5.1.9.RELEASE.jar:5.1.9.RELEASE]
	at org.springframework.beans.factory.support.AbstractAutowireCapableBeanFactory.initializeBean(AbstractAutowireCapableBeanFactory.java:1774) ~[spring-beans-5.1.9.RELEASE.jar:5.1.9.RELEASE]
	... 16 common frames omitted

2019-09-10 11:21:43.699  INFO 15840 --- [main] c.j.x.i.InformationalLytApplication      : Starting InformationalLytApplication on DESKTOP-C3BJLCD with PID 15840 (D:\github\informational-lyt\target\classes started by Administrator in D:\github\informational-lyt)
2019-09-10 11:21:43.737  INFO 15840 --- [main] c.j.x.i.InformationalLytApplication      : No active profile set, falling back to default profiles: default
2019-09-10 11:21:44.880  INFO 15840 --- [main] .s.d.r.c.RepositoryConfigurationDelegate : Bootstrapping Spring Data repositories in DEFAULT mode.
2019-09-10 11:21:45.153  INFO 15840 --- [main] .s.d.r.c.RepositoryConfigurationDelegate : Finished Spring Data repository scanning in 254ms. Found 11 repository interfaces.
2019-09-10 11:21:45.682  INFO 15840 --- [main] trationDelegate$BeanPostProcessorChecker : Bean 'org.springframework.transaction.annotation.ProxyTransactionManagementConfiguration' of type [org.springframework.transaction.annotation.ProxyTransactionManagementConfiguration$$EnhancerBySpringCGLIB$$4092e98b] is not eligible for getting processed by all BeanPostProcessors (for example: not eligible for auto-proxying)
2019-09-10 11:21:45.943  INFO 15840 --- [main] org.eclipse.jetty.util.log               : Logging initialized @3924ms to org.eclipse.jetty.util.log.Slf4jLog
2019-09-10 11:21:46.010  INFO 15840 --- [main] o.s.b.w.e.j.JettyServletWebServerFactory : Server initialized with port: 8090
2019-09-10 11:21:46.012  INFO 15840 --- [main] org.eclipse.jetty.server.Server          : jetty-9.4.19.v20190610; built: 2019-06-10T16:30:51.723Z; git: afcf563148970e98786327af5e07c261fda175d3; jvm 1.8.0_121-b13
2019-09-10 11:21:46.040  INFO 15840 --- [main] o.e.j.s.h.ContextHandler.application     : Initializing Spring embedded WebApplicationContext
2019-09-10 11:21:46.040  INFO 15840 --- [main] o.s.web.context.ContextLoader            : Root WebApplicationContext: initialization completed in 2190 ms
2019-09-10 11:21:46.135  INFO 15840 --- [main] org.eclipse.jetty.server.session         : DefaultSessionIdManager workerName=node0
2019-09-10 11:21:46.135  INFO 15840 --- [main] org.eclipse.jetty.server.session         : No SessionScavenger set, using defaults
2019-09-10 11:21:46.136  INFO 15840 --- [main] org.eclipse.jetty.server.session         : node0 Scavenging every 660000ms
2019-09-10 11:21:46.143  INFO 15840 --- [main] o.e.jetty.server.handler.ContextHandler  : Started o.s.b.w.e.j.JettyEmbeddedWebAppContext@b20d7c{application,/informational-lyt/v1,[file:///C:/Users/Administrator/AppData/Local/Temp/jetty-docbase.2564355240896954247.8090/],AVAILABLE}
2019-09-10 11:21:46.144  INFO 15840 --- [main] org.eclipse.jetty.server.Server          : Started @4125ms
2019-09-10 11:21:46.266  INFO 15840 --- [main] com.zaxxer.hikari.HikariDataSource       : HikariPool-1 - Starting...
2019-09-10 11:21:46.370  INFO 15840 --- [main] com.zaxxer.hikari.HikariDataSource       : HikariPool-1 - Start completed.
2019-09-10 11:21:46.421  INFO 15840 --- [main] o.hibernate.jpa.internal.util.LogHelper  : HHH000204: Processing PersistenceUnitInfo [
	name: default
	...]
2019-09-10 11:21:46.490  INFO 15840 --- [main] org.hibernate.Version                    : HHH000412: Hibernate Core {5.3.11.Final}
2019-09-10 11:21:46.491  INFO 15840 --- [main] org.hibernate.cfg.Environment            : HHH000206: hibernate.properties not found
2019-09-10 11:21:46.630  INFO 15840 --- [main] o.hibernate.annotations.common.Version   : HCANN000001: Hibernate Commons Annotations {5.0.4.Final}
2019-09-10 11:21:46.765  INFO 15840 --- [main] org.hibernate.dialect.Dialect            : HHH000400: Using dialect: org.hibernate.dialect.MySQL5InnoDBDialect
2019-09-10 11:21:46.966  WARN 15840 --- [main] ConfigServletWebServerApplicationContext : Exception encountered during context initialization - cancelling refresh attempt: org.springframework.beans.factory.BeanCreationException: Error creating bean with name 'entityManagerFactory' defined in class path resource [org/springframework/boot/autoconfigure/orm/jpa/HibernateJpaConfiguration.class]: Invocation of init method failed; nested exception is org.hibernate.AnnotationException: Unable to create unique key constraint (name, model_number, supplier_id) on table gm_material: database column 'model_number' not found. Make sure that you use the correct column name which depends on the naming strategy in use (it may not be the same as the property name in the entity, especially for relational types)
2019-09-10 11:21:46.966  INFO 15840 --- [main] com.zaxxer.hikari.HikariDataSource       : HikariPool-1 - Shutdown initiated...
2019-09-10 11:21:46.973  INFO 15840 --- [main] com.zaxxer.hikari.HikariDataSource       : HikariPool-1 - Shutdown completed.
2019-09-10 11:21:46.977  INFO 15840 --- [main] org.eclipse.jetty.server.session         : node0 Stopped scavenging
2019-09-10 11:21:46.979  INFO 15840 --- [main] o.e.jetty.server.handler.ContextHandler  : Stopped o.s.b.w.e.j.JettyEmbeddedWebAppContext@b20d7c{application,/informational-lyt/v1,[file:///C:/Users/Administrator/AppData/Local/Temp/jetty-docbase.2564355240896954247.8090/],UNAVAILABLE}
2019-09-10 11:21:46.987  INFO 15840 --- [main] ConditionEvaluationReportLoggingListener : 

Error starting ApplicationContext. To display the conditions report re-run your application with 'debug' enabled.
2019-09-10 11:21:46.995 ERROR 15840 --- [main] o.s.boot.SpringApplication               : Application run failed

org.springframework.beans.factory.BeanCreationException: Error creating bean with name 'entityManagerFactory' defined in class path resource [org/springframework/boot/autoconfigure/orm/jpa/HibernateJpaConfiguration.class]: Invocation of init method failed; nested exception is org.hibernate.AnnotationException: Unable to create unique key constraint (name, model_number, supplier_id) on table gm_material: database column 'model_number' not found. Make sure that you use the correct column name which depends on the naming strategy in use (it may not be the same as the property name in the entity, especially for relational types)
	at org.springframework.beans.factory.support.AbstractAutowireCapableBeanFactory.initializeBean(AbstractAutowireCapableBeanFactory.java:1778) ~[spring-beans-5.1.9.RELEASE.jar:5.1.9.RELEASE]
	at org.springframework.beans.factory.support.AbstractAutowireCapableBeanFactory.doCreateBean(AbstractAutowireCapableBeanFactory.java:593) ~[spring-beans-5.1.9.RELEASE.jar:5.1.9.RELEASE]
	at org.springframework.beans.factory.support.AbstractAutowireCapableBeanFactory.createBean(AbstractAutowireCapableBeanFactory.java:515) ~[spring-beans-5.1.9.RELEASE.jar:5.1.9.RELEASE]
	at org.springframework.beans.factory.support.AbstractBeanFactory.lambda$doGetBean$0(AbstractBeanFactory.java:320) ~[spring-beans-5.1.9.RELEASE.jar:5.1.9.RELEASE]
	at org.springframework.beans.factory.support.DefaultSingletonBeanRegistry.getSingleton(DefaultSingletonBeanRegistry.java:222) ~[spring-beans-5.1.9.RELEASE.jar:5.1.9.RELEASE]
	at org.springframework.beans.factory.support.AbstractBeanFactory.doGetBean(AbstractBeanFactory.java:318) ~[spring-beans-5.1.9.RELEASE.jar:5.1.9.RELEASE]
	at org.springframework.beans.factory.support.AbstractBeanFactory.getBean(AbstractBeanFactory.java:199) ~[spring-beans-5.1.9.RELEASE.jar:5.1.9.RELEASE]
	at org.springframework.context.support.AbstractApplicationContext.getBean(AbstractApplicationContext.java:1105) ~[spring-context-5.1.9.RELEASE.jar:5.1.9.RELEASE]
	at org.springframework.context.support.AbstractApplicationContext.finishBeanFactoryInitialization(AbstractApplicationContext.java:867) ~[spring-context-5.1.9.RELEASE.jar:5.1.9.RELEASE]
	at org.springframework.context.support.AbstractApplicationContext.refresh(AbstractApplicationContext.java:549) ~[spring-context-5.1.9.RELEASE.jar:5.1.9.RELEASE]
	at org.springframework.boot.web.servlet.context.ServletWebServerApplicationContext.refresh(ServletWebServerApplicationContext.java:141) ~[spring-boot-2.1.8.RELEASE.jar:2.1.8.RELEASE]
	at org.springframework.boot.SpringApplication.refresh(SpringApplication.java:744) [spring-boot-2.1.8.RELEASE.jar:2.1.8.RELEASE]
	at org.springframework.boot.SpringApplication.refreshContext(SpringApplication.java:391) [spring-boot-2.1.8.RELEASE.jar:2.1.8.RELEASE]
	at org.springframework.boot.SpringApplication.run(SpringApplication.java:312) [spring-boot-2.1.8.RELEASE.jar:2.1.8.RELEASE]
	at org.springframework.boot.SpringApplication.run(SpringApplication.java:1215) [spring-boot-2.1.8.RELEASE.jar:2.1.8.RELEASE]
	at org.springframework.boot.SpringApplication.run(SpringApplication.java:1204) [spring-boot-2.1.8.RELEASE.jar:2.1.8.RELEASE]
	at com.joy.xxfy.informationallyt.InformationalLytApplication.main(InformationalLytApplication.java:10) [classes/:na]
Caused by: org.hibernate.AnnotationException: Unable to create unique key constraint (name, model_number, supplier_id) on table gm_material: database column 'model_number' not found. Make sure that you use the correct column name which depends on the naming strategy in use (it may not be the same as the property name in the entity, especially for relational types)
	at org.hibernate.boot.internal.InFlightMetadataCollectorImpl.buildUniqueKeyFromColumnNames(InFlightMetadataCollectorImpl.java:2137) ~[hibernate-core-5.3.11.Final.jar:5.3.11.Final]
	at org.hibernate.boot.internal.InFlightMetadataCollectorImpl.buildUniqueKeyFromColumnNames(InFlightMetadataCollectorImpl.java:1998) ~[hibernate-core-5.3.11.Final.jar:5.3.11.Final]
	at org.hibernate.boot.internal.InFlightMetadataCollectorImpl.processUniqueConstraintHolders(InFlightMetadataCollectorImpl.java:1986) ~[hibernate-core-5.3.11.Final.jar:5.3.11.Final]
	at org.hibernate.boot.internal.InFlightMetadataCollectorImpl.processSecondPasses(InFlightMetadataCollectorImpl.java:1670) ~[hibernate-core-5.3.11.Final.jar:5.3.11.Final]
	at org.hibernate.boot.model.process.spi.MetadataBuildingProcess.complete(MetadataBuildingProcess.java:287) ~[hibernate-core-5.3.11.Final.jar:5.3.11.Final]
	at org.hibernate.jpa.boot.internal.EntityManagerFactoryBuilderImpl.metadata(EntityManagerFactoryBuilderImpl.java:904) ~[hibernate-core-5.3.11.Final.jar:5.3.11.Final]
	at org.hibernate.jpa.boot.internal.EntityManagerFactoryBuilderImpl.build(EntityManagerFactoryBuilderImpl.java:935) ~[hibernate-core-5.3.11.Final.jar:5.3.11.Final]
	at org.springframework.orm.jpa.vendor.SpringHibernateJpaPersistenceProvider.createContainerEntityManagerFactory(SpringHibernateJpaPersistenceProvider.java:57) ~[spring-orm-5.1.9.RELEASE.jar:5.1.9.RELEASE]
	at org.springframework.orm.jpa.LocalContainerEntityManagerFactoryBean.createNativeEntityManagerFactory(LocalContainerEntityManagerFactoryBean.java:365) ~[spring-orm-5.1.9.RELEASE.jar:5.1.9.RELEASE]
	at org.springframework.orm.jpa.AbstractEntityManagerFactoryBean.buildNativeEntityManagerFactory(AbstractEntityManagerFactoryBean.java:390) ~[spring-orm-5.1.9.RELEASE.jar:5.1.9.RELEASE]
	at org.springframework.orm.jpa.AbstractEntityManagerFactoryBean.afterPropertiesSet(AbstractEntityManagerFactoryBean.java:377) ~[spring-orm-5.1.9.RELEASE.jar:5.1.9.RELEASE]
	at org.springframework.orm.jpa.LocalContainerEntityManagerFactoryBean.afterPropertiesSet(LocalContainerEntityManagerFactoryBean.java:341) ~[spring-orm-5.1.9.RELEASE.jar:5.1.9.RELEASE]
	at org.springframework.beans.factory.support.AbstractAutowireCapableBeanFactory.invokeInitMethods(AbstractAutowireCapableBeanFactory.java:1837) ~[spring-beans-5.1.9.RELEASE.jar:5.1.9.RELEASE]
	at org.springframework.beans.factory.support.AbstractAutowireCapableBeanFactory.initializeBean(AbstractAutowireCapableBeanFactory.java:1774) ~[spring-beans-5.1.9.RELEASE.jar:5.1.9.RELEASE]
	... 16 common frames omitted

2019-09-10 11:22:00.682  INFO 13940 --- [main] c.j.x.i.InformationalLytApplication      : Starting InformationalLytApplication on DESKTOP-C3BJLCD with PID 13940 (D:\github\informational-lyt\target\classes started by Administrator in D:\github\informational-lyt)
2019-09-10 11:22:00.686  INFO 13940 --- [main] c.j.x.i.InformationalLytApplication      : No active profile set, falling back to default profiles: default
2019-09-10 11:22:01.344  INFO 13940 --- [main] .s.d.r.c.RepositoryConfigurationDelegate : Bootstrapping Spring Data repositories in DEFAULT mode.
2019-09-10 11:22:01.467  INFO 13940 --- [main] .s.d.r.c.RepositoryConfigurationDelegate : Finished Spring Data repository scanning in 117ms. Found 11 repository interfaces.
2019-09-10 11:22:01.756  INFO 13940 --- [main] trationDelegate$BeanPostProcessorChecker : Bean 'org.springframework.transaction.annotation.ProxyTransactionManagementConfiguration' of type [org.springframework.transaction.annotation.ProxyTransactionManagementConfiguration$$EnhancerBySpringCGLIB$$37c0fb82] is not eligible for getting processed by all BeanPostProcessors (for example: not eligible for auto-proxying)
2019-09-10 11:22:02.019  INFO 13940 --- [main] org.eclipse.jetty.util.log               : Logging initialized @2635ms to org.eclipse.jetty.util.log.Slf4jLog
2019-09-10 11:22:02.239  INFO 13940 --- [main] o.s.b.w.e.j.JettyServletWebServerFactory : Server initialized with port: 8090
2019-09-10 11:22:02.242  INFO 13940 --- [main] org.eclipse.jetty.server.Server          : jetty-9.4.19.v20190610; built: 2019-06-10T16:30:51.723Z; git: afcf563148970e98786327af5e07c261fda175d3; jvm 1.8.0_121-b13
2019-09-10 11:22:02.295  INFO 13940 --- [main] o.e.j.s.h.ContextHandler.application     : Initializing Spring embedded WebApplicationContext
2019-09-10 11:22:02.295  INFO 13940 --- [main] o.s.web.context.ContextLoader            : Root WebApplicationContext: initialization completed in 1560 ms
2019-09-10 11:22:02.523  INFO 13940 --- [main] org.eclipse.jetty.server.session         : DefaultSessionIdManager workerName=node0
2019-09-10 11:22:02.526  INFO 13940 --- [main] org.eclipse.jetty.server.session         : No SessionScavenger set, using defaults
2019-09-10 11:22:02.527  INFO 13940 --- [main] org.eclipse.jetty.server.session         : node0 Scavenging every 600000ms
2019-09-10 11:22:02.542  INFO 13940 --- [main] o.e.jetty.server.handler.ContextHandler  : Started o.s.b.w.e.j.JettyEmbeddedWebAppContext@f04105{application,/informational-lyt/v1,[file:///C:/Users/Administrator/AppData/Local/Temp/jetty-docbase.9084333272564391262.8090/],AVAILABLE}
2019-09-10 11:22:02.548  INFO 13940 --- [main] org.eclipse.jetty.server.Server          : Started @3165ms
2019-09-10 11:22:02.802  INFO 13940 --- [main] com.zaxxer.hikari.HikariDataSource       : HikariPool-1 - Starting...
2019-09-10 11:22:02.965  INFO 13940 --- [main] com.zaxxer.hikari.HikariDataSource       : HikariPool-1 - Start completed.
2019-09-10 11:22:03.057  INFO 13940 --- [main] o.hibernate.jpa.internal.util.LogHelper  : HHH000204: Processing PersistenceUnitInfo [
	name: default
	...]
2019-09-10 11:22:03.208  INFO 13940 --- [main] org.hibernate.Version                    : HHH000412: Hibernate Core {5.3.11.Final}
2019-09-10 11:22:03.210  INFO 13940 --- [main] org.hibernate.cfg.Environment            : HHH000206: hibernate.properties not found
2019-09-10 11:22:03.403  INFO 13940 --- [main] o.hibernate.annotations.common.Version   : HCANN000001: Hibernate Commons Annotations {5.0.4.Final}
2019-09-10 11:22:03.566  INFO 13940 --- [main] org.hibernate.dialect.Dialect            : HHH000400: Using dialect: org.hibernate.dialect.MySQL5InnoDBDialect
2019-09-10 11:22:05.282  INFO 13940 --- [main] j.LocalContainerEntityManagerFactoryBean : Initialized JPA EntityManagerFactory for persistence unit 'default'
2019-09-10 11:22:06.411  INFO 13940 --- [main] o.s.s.concurrent.ThreadPoolTaskExecutor  : Initializing ExecutorService 'applicationTaskExecutor'
2019-09-10 11:22:06.727  INFO 13940 --- [main] o.e.j.s.h.ContextHandler.application     : Initializing Spring DispatcherServlet 'dispatcherServlet'
2019-09-10 11:22:06.727  INFO 13940 --- [main] o.s.web.servlet.DispatcherServlet        : Initializing Servlet 'dispatcherServlet'
2019-09-10 11:22:06.734  INFO 13940 --- [main] o.s.web.servlet.DispatcherServlet        : Completed initialization in 7 ms
2019-09-10 11:22:06.762  INFO 13940 --- [main] o.e.jetty.server.AbstractConnector       : Started ServerConnector@242f38{HTTP/1.1,[http/1.1]}{0.0.0.0:8090}
2019-09-10 11:22:06.765  INFO 13940 --- [main] o.s.b.web.embedded.jetty.JettyWebServer  : Jetty started on port(s) 8090 (http/1.1) with context path '/informational-lyt/v1'
2019-09-10 11:22:06.767  INFO 13940 --- [main] c.j.x.i.InformationalLytApplication      : Started InformationalLytApplication in 6.611 seconds (JVM running for 7.384)
2019-09-10 11:47:18.432  INFO 7220 --- [main] c.j.x.i.InformationalLytApplication      : Starting InformationalLytApplication on DESKTOP-C3BJLCD with PID 7220 (D:\github\informational-lyt\target\classes started by Administrator in D:\github\informational-lyt)
2019-09-10 11:47:18.436  INFO 7220 --- [main] c.j.x.i.InformationalLytApplication      : No active profile set, falling back to default profiles: default
2019-09-10 11:47:19.702  INFO 7220 --- [main] .s.d.r.c.RepositoryConfigurationDelegate : Bootstrapping Spring Data repositories in DEFAULT mode.
2019-09-10 11:47:19.805  INFO 7220 --- [main] .s.d.r.c.RepositoryConfigurationDelegate : Finished Spring Data repository scanning in 92ms. Found 11 repository interfaces.
2019-09-10 11:47:20.138  INFO 7220 --- [main] trationDelegate$BeanPostProcessorChecker : Bean 'org.springframework.transaction.annotation.ProxyTransactionManagementConfiguration' of type [org.springframework.transaction.annotation.ProxyTransactionManagementConfiguration$$EnhancerBySpringCGLIB$$904f0329] is not eligible for getting processed by all BeanPostProcessors (for example: not eligible for auto-proxying)
2019-09-10 11:47:20.386  INFO 7220 --- [main] org.eclipse.jetty.util.log               : Logging initialized @3376ms to org.eclipse.jetty.util.log.Slf4jLog
2019-09-10 11:47:20.450  INFO 7220 --- [main] o.s.b.w.e.j.JettyServletWebServerFactory : Server initialized with port: 8090
2019-09-10 11:47:20.451  INFO 7220 --- [main] org.eclipse.jetty.server.Server          : jetty-9.4.19.v20190610; built: 2019-06-10T16:30:51.723Z; git: afcf563148970e98786327af5e07c261fda175d3; jvm 1.8.0_121-b13
2019-09-10 11:47:20.476  INFO 7220 --- [main] o.e.j.s.h.ContextHandler.application     : Initializing Spring embedded WebApplicationContext
2019-09-10 11:47:20.477  INFO 7220 --- [main] o.s.web.context.ContextLoader            : Root WebApplicationContext: initialization completed in 2000 ms
2019-09-10 11:47:20.695  INFO 7220 --- [main] org.eclipse.jetty.server.session         : DefaultSessionIdManager workerName=node0
2019-09-10 11:47:20.696  INFO 7220 --- [main] org.eclipse.jetty.server.session         : No SessionScavenger set, using defaults
2019-09-10 11:47:20.697  INFO 7220 --- [main] org.eclipse.jetty.server.session         : node0 Scavenging every 600000ms
2019-09-10 11:47:20.710  INFO 7220 --- [main] o.e.jetty.server.handler.ContextHandler  : Started o.s.b.w.e.j.JettyEmbeddedWebAppContext@1528a22{application,/informational-lyt/v1,[file:///C:/Users/Administrator/AppData/Local/Temp/jetty-docbase.3401871374879359160.8090/],AVAILABLE}
2019-09-10 11:47:20.711  INFO 7220 --- [main] org.eclipse.jetty.server.Server          : Started @3701ms
2019-09-10 11:47:20.937  INFO 7220 --- [main] com.zaxxer.hikari.HikariDataSource       : HikariPool-1 - Starting...
2019-09-10 11:47:21.173  INFO 7220 --- [main] com.zaxxer.hikari.HikariDataSource       : HikariPool-1 - Start completed.
2019-09-10 11:47:21.413  INFO 7220 --- [main] o.hibernate.jpa.internal.util.LogHelper  : HHH000204: Processing PersistenceUnitInfo [
	name: default
	...]
2019-09-10 11:47:21.835  INFO 7220 --- [main] org.hibernate.Version                    : HHH000412: Hibernate Core {5.3.11.Final}
2019-09-10 11:47:21.836  INFO 7220 --- [main] org.hibernate.cfg.Environment            : HHH000206: hibernate.properties not found
2019-09-10 11:47:22.021  INFO 7220 --- [main] o.hibernate.annotations.common.Version   : HCANN000001: Hibernate Commons Annotations {5.0.4.Final}
2019-09-10 11:47:22.259  INFO 7220 --- [main] org.hibernate.dialect.Dialect            : HHH000400: Using dialect: org.hibernate.dialect.MySQL5InnoDBDialect
2019-09-10 11:47:23.711  INFO 7220 --- [main] j.LocalContainerEntityManagerFactoryBean : Initialized JPA EntityManagerFactory for persistence unit 'default'
2019-09-10 11:47:24.825  INFO 7220 --- [main] o.s.s.concurrent.ThreadPoolTaskExecutor  : Initializing ExecutorService 'applicationTaskExecutor'
2019-09-10 11:47:25.089  INFO 7220 --- [main] o.e.j.s.h.ContextHandler.application     : Initializing Spring DispatcherServlet 'dispatcherServlet'
2019-09-10 11:47:25.089  INFO 7220 --- [main] o.s.web.servlet.DispatcherServlet        : Initializing Servlet 'dispatcherServlet'
2019-09-10 11:47:25.097  INFO 7220 --- [main] o.s.web.servlet.DispatcherServlet        : Completed initialization in 7 ms
2019-09-10 11:47:25.121  INFO 7220 --- [main] o.e.jetty.server.AbstractConnector       : Started ServerConnector@1dd5689{HTTP/1.1,[http/1.1]}{0.0.0.0:8090}
2019-09-10 11:47:25.125  INFO 7220 --- [main] o.s.b.web.embedded.jetty.JettyWebServer  : Jetty started on port(s) 8090 (http/1.1) with context path '/informational-lyt/v1'
2019-09-10 11:47:25.127  INFO 7220 --- [main] c.j.x.i.InformationalLytApplication      : Started InformationalLytApplication in 7.254 seconds (JVM running for 8.116)
